2021-11-02 11:59:16,195 Using selector: EpollSelector
2021-11-02 11:59:16,540 https://api.binance.com:443 "GET /api/v3/klines?endTime=1635843556227&interval=1m&limit=1&startTime=0&symbol=ETHUSDT HTTP/1.1" 200 166
2021-11-02 11:59:16,884 https://api.binance.com:443 "GET /api/v3/klines?interval=1m&limit=500&startTime=1635724800000&symbol=ETHUSDT HTTP/1.1" 200 25473
2021-11-02 11:59:17,308 https://api.binance.com:443 "GET /api/v3/klines?interval=1m&limit=500&startTime=1635754800000&symbol=ETHUSDT HTTP/1.1" 200 25261
2021-11-02 11:59:17,655 https://api.binance.com:443 "GET /api/v3/klines?interval=1m&limit=500&startTime=1635784800000&symbol=ETHUSDT HTTP/1.1" 200 25318
2021-11-02 11:59:19,100 https://api.binance.com:443 "GET /api/v3/klines?interval=1m&limit=500&startTime=1635814800000&symbol=ETHUSDT HTTP/1.1" 200 24087
2021-11-02 11:59:20,504 client - state = CONNECTING
2021-11-02 11:59:21,146 client - event = connection_made(<asyncio.sslproto._SSLProtocolTransport object at 0x7efebd3cf6d0>)
2021-11-02 11:59:21,147 client > GET /ws/ethusdt@kline_1m HTTP/1.1
2021-11-02 11:59:21,148 client > Headers([('Host', 'stream.binance.com:9443'), ('Upgrade', 'websocket'), ('Connection', 'Upgrade'), ('Sec-WebSocket-Key', '96d79ag/8PhWCQNwDPxnUA=='), ('Sec-WebSocket-Version', '13'), ('Sec-WebSocket-Extensions', 'permessage-deflate; client_max_window_bits'), ('User-Agent', 'Python/3.7 websockets/9.1')])
2021-11-02 11:59:21,428 client - event = data_received(<267 bytes>)
2021-11-02 11:59:21,428 client < HTTP/1.1 101 Switching Protocols
2021-11-02 11:59:21,428 client < Headers([('Date', 'Tue, 02 Nov 2021 08:59:21 GMT'), ('Connection', 'upgrade'), ('Upgrade', 'websocket'), ('Sec-WebSocket-Accept', 'EZEroLVyFwEUbLmgpiw+bXiQ4mM='), ('Sec-WebSocket-Extensions', 'permessage-deflate; server_no_context_takeover; client_max_window_bits=15')])
2021-11-02 11:59:21,428 client - state = OPEN
2021-11-02 11:59:22,194 client - event = data_received(<192 bytes>)
2021-11-02 11:59:22,194 client < Frame(fin=True, opcode=<Opcode.TEXT: 1>, data=b'{"e":"kline","E":1635843562032,"s":"ETHUSDT","k":{"t":1635843540000,"T":1635843599999,"s":"ETHUSDT","i":"1m","f":658862764,"L":658862996,"o":"4356.91000000","c":"4353.11000000","h":"4358.00000000","l":"4353.02000000","v":"83.49860000","n":233,"x":false,"q":"363751.80052900","V":"35.06230000","Q":"152750.23252800","B":"0"}}', rsv1=False, rsv2=False, rsv3=False)
2021-11-02 11:59:24,474 client - event = data_received(<195 bytes>)
2021-11-02 11:59:24,474 client < Frame(fin=True, opcode=<Opcode.TEXT: 1>, data=b'{"e":"kline","E":1635843564120,"s":"ETHUSDT","k":{"t":1635843540000,"T":1635843599999,"s":"ETHUSDT","i":"1m","f":658862764,"L":658863040,"o":"4356.91000000","c":"4353.14000000","h":"4358.00000000","l":"4353.02000000","v":"89.62390000","n":277,"x":false,"q":"390416.93152500","V":"36.84750000","Q":"160521.43905400","B":"0"}}', rsv1=False, rsv2=False, rsv3=False)
2021-11-02 11:59:26,315 client - event = data_received(<194 bytes>)
2021-11-02 11:59:26,315 client < Frame(fin=True, opcode=<Opcode.TEXT: 1>, data=b'{"e":"kline","E":1635843566152,"s":"ETHUSDT","k":{"t":1635843540000,"T":1635843599999,"s":"ETHUSDT","i":"1m","f":658862764,"L":658863052,"o":"4356.91000000","c":"4353.13000000","h":"4358.00000000","l":"4353.02000000","v":"92.20160000","n":289,"x":false,"q":"401637.99649900","V":"37.02480000","Q":"161293.25077600","B":"0"}}', rsv1=False, rsv2=False, rsv3=False)
2021-11-02 11:59:28,573 client - event = data_received(<192 bytes>)
2021-11-02 11:59:28,573 client < Frame(fin=True, opcode=<Opcode.TEXT: 1>, data=b'{"e":"kline","E":1635843568369,"s":"ETHUSDT","k":{"t":1635843540000,"T":1635843599999,"s":"ETHUSDT","i":"1m","f":658862764,"L":658863066,"o":"4356.91000000","c":"4353.03000000","h":"4358.00000000","l":"4353.02000000","v":"93.52700000","n":303,"x":false,"q":"407407.57378300","V":"37.03720000","Q":"161347.22847200","B":"0"}}', rsv1=False, rsv2=False, rsv3=False)
2021-11-02 11:59:30,850 client - event = data_received(<191 bytes>)
2021-11-02 11:59:30,851 client < Frame(fin=True, opcode=<Opcode.TEXT: 1>, data=b'{"e":"kline","E":1635843570688,"s":"ETHUSDT","k":{"t":1635843540000,"T":1635843599999,"s":"ETHUSDT","i":"1m","f":658862764,"L":658863106,"o":"4356.91000000","c":"4351.86000000","h":"4358.00000000","l":"4351.86000000","v":"115.95130000","n":343,"x":false,"q":"505010.33106200","V":"41.45560000","Q":"180577.74091900","B":"0"}}', rsv1=False, rsv2=False, rsv3=False)
2021-11-02 11:59:33,178 client - event = data_received(<194 bytes>)
2021-11-02 11:59:33,179 client < Frame(fin=True, opcode=<Opcode.TEXT: 1>, data=b'{"e":"kline","E":1635843572862,"s":"ETHUSDT","k":{"t":1635843540000,"T":1635843599999,"s":"ETHUSDT","i":"1m","f":658862764,"L":658863136,"o":"4356.91000000","c":"4351.03000000","h":"4358.00000000","l":"4351.02000000","v":"123.82570000","n":373,"x":false,"q":"539276.79757000","V":"42.50540000","Q":"185146.29983100","B":"0"}}', rsv1=False, rsv2=False, rsv3=False)
2021-11-02 11:59:35,164 client - event = data_received(<190 bytes>)
2021-11-02 11:59:35,164 client < Frame(fin=True, opcode=<Opcode.TEXT: 1>, data=b'{"e":"kline","E":1635843575002,"s":"ETHUSDT","k":{"t":1635843540000,"T":1635843599999,"s":"ETHUSDT","i":"1m","f":658862764,"L":658863164,"o":"4356.91000000","c":"4350.71000000","h":"4358.00000000","l":"4350.62000000","v":"137.11650000","n":401,"x":false,"q":"597100.93154300","V":"43.99650000","Q":"191633.66887300","B":"0"}}', rsv1=False, rsv2=False, rsv3=False)
2021-11-02 11:59:37,274 client - event = data_received(<194 bytes>)
2021-11-02 11:59:37,275 client < Frame(fin=True, opcode=<Opcode.TEXT: 1>, data=b'{"e":"kline","E":1635843577040,"s":"ETHUSDT","k":{"t":1635843540000,"T":1635843599999,"s":"ETHUSDT","i":"1m","f":658862764,"L":658863177,"o":"4356.91000000","c":"4350.71000000","h":"4358.00000000","l":"4350.62000000","v":"138.37910000","n":414,"x":false,"q":"602594.13457100","V":"44.91730000","Q":"195639.80264100","B":"0"}}', rsv1=False, rsv2=False, rsv3=False)
2021-11-02 11:59:39,458 client - event = data_received(<193 bytes>)
2021-11-02 11:59:39,459 client < Frame(fin=True, opcode=<Opcode.TEXT: 1>, data=b'{"e":"kline","E":1635843579288,"s":"ETHUSDT","k":{"t":1635843540000,"T":1635843599999,"s":"ETHUSDT","i":"1m","f":658862764,"L":658863196,"o":"4356.91000000","c":"4350.61000000","h":"4358.00000000","l":"4350.61000000","v":"141.42700000","n":433,"x":false,"q":"615854.53841300","V":"45.73910000","Q":"199215.21611900","B":"0"}}', rsv1=False, rsv2=False, rsv3=False)
2021-11-02 11:59:41,430 client > Frame(fin=True, opcode=<Opcode.PING: 9>, data=b'\xa2\x89,\xc5', rsv1=False, rsv2=False, rsv3=False)
2021-11-02 11:59:41,715 client - event = data_received(<194 bytes>)
2021-11-02 11:59:41,716 client - event = data_received(<6 bytes>)
2021-11-02 11:59:41,716 client < Frame(fin=True, opcode=<Opcode.TEXT: 1>, data=b'{"e":"kline","E":1635843581527,"s":"ETHUSDT","k":{"t":1635843540000,"T":1635843599999,"s":"ETHUSDT","i":"1m","f":658862764,"L":658863201,"o":"4356.91000000","c":"4350.62000000","h":"4358.00000000","l":"4350.61000000","v":"141.54000000","n":438,"x":false,"q":"616346.15842300","V":"45.84710000","Q":"199685.08307900","B":"0"}}', rsv1=False, rsv2=False, rsv3=False)
2021-11-02 11:59:41,716 client < Frame(fin=True, opcode=<Opcode.PONG: 10>, data=b'\xa2\x89,\xc5', rsv1=False, rsv2=False, rsv3=False)
2021-11-02 11:59:41,716 client - received solicited pong: a2892cc5
2021-11-02 11:59:43,996 client - event = data_received(<193 bytes>)
2021-11-02 11:59:43,996 client < Frame(fin=True, opcode=<Opcode.TEXT: 1>, data=b'{"e":"kline","E":1635843583834,"s":"ETHUSDT","k":{"t":1635843540000,"T":1635843599999,"s":"ETHUSDT","i":"1m","f":658862764,"L":658863212,"o":"4356.91000000","c":"4350.56000000","h":"4358.00000000","l":"4350.56000000","v":"142.65770000","n":449,"x":false,"q":"621208.83357600","V":"46.18170000","Q":"201140.80053100","B":"0"}}', rsv1=False, rsv2=False, rsv3=False)
2021-11-02 11:59:46,234 client - event = data_received(<194 bytes>)
2021-11-02 11:59:46,235 client < Frame(fin=True, opcode=<Opcode.TEXT: 1>, data=b'{"e":"kline","E":1635843585883,"s":"ETHUSDT","k":{"t":1635843540000,"T":1635843599999,"s":"ETHUSDT","i":"1m","f":658862764,"L":658863249,"o":"4356.91000000","c":"4349.52000000","h":"4358.00000000","l":"4349.51000000","v":"157.65950000","n":486,"x":false,"q":"686469.71968100","V":"47.92770000","Q":"208735.41962000","B":"0"}}', rsv1=False, rsv2=False, rsv3=False)
2021-11-02 11:59:48,541 client - event = data_received(<194 bytes>)
2021-11-02 11:59:48,545 client < Frame(fin=True, opcode=<Opcode.TEXT: 1>, data=b'{"e":"kline","E":1635843588075,"s":"ETHUSDT","k":{"t":1635843540000,"T":1635843599999,"s":"ETHUSDT","i":"1m","f":658862764,"L":658863269,"o":"4356.91000000","c":"4349.88000000","h":"4358.00000000","l":"4349.51000000","v":"161.85700000","n":506,"x":false,"q":"704727.60216300","V":"52.06400000","Q":"226727.10392900","B":"0"}}', rsv1=False, rsv2=False, rsv3=False)
2021-11-02 11:59:50,284 client - event = data_received(<194 bytes>)
2021-11-02 11:59:50,284 client < Frame(fin=True, opcode=<Opcode.TEXT: 1>, data=b'{"e":"kline","E":1635843590122,"s":"ETHUSDT","k":{"t":1635843540000,"T":1635843599999,"s":"ETHUSDT","i":"1m","f":658862764,"L":658863285,"o":"4356.91000000","c":"4349.55000000","h":"4358.00000000","l":"4349.51000000","v":"167.31100000","n":522,"x":false,"q":"728451.94585800","V":"57.23730000","Q":"249230.45548100","B":"0"}}', rsv1=False, rsv2=False, rsv3=False)
2021-11-02 11:59:52,371 client - event = data_received(<196 bytes>)
2021-11-02 11:59:52,372 client < Frame(fin=True, opcode=<Opcode.TEXT: 1>, data=b'{"e":"kline","E":1635843592207,"s":"ETHUSDT","k":{"t":1635843540000,"T":1635843599999,"s":"ETHUSDT","i":"1m","f":658862764,"L":658863299,"o":"4356.91000000","c":"4350.32000000","h":"4358.00000000","l":"4349.51000000","v":"170.22860000","n":536,"x":false,"q":"741143.45370000","V":"59.01940000","Q":"256982.55525300","B":"0"}}', rsv1=False, rsv2=False, rsv3=False)
2021-11-02 11:59:55,004 client - event = data_received(<195 bytes>)
2021-11-02 11:59:55,004 client < Frame(fin=True, opcode=<Opcode.TEXT: 1>, data=b'{"e":"kline","E":1635843594842,"s":"ETHUSDT","k":{"t":1635843540000,"T":1635843599999,"s":"ETHUSDT","i":"1m","f":658862764,"L":658863304,"o":"4356.91000000","c":"4350.68000000","h":"4358.00000000","l":"4349.51000000","v":"170.96730000","n":541,"x":false,"q":"744357.26432800","V":"59.12780000","Q":"257454.16246100","B":"0"}}', rsv1=False, rsv2=False, rsv3=False)
2021-11-02 11:59:59,753 Using selector: EpollSelector
2021-11-02 12:00:00,097 https://api.binance.com:443 "GET /api/v3/klines?endTime=1635843599809&interval=1m&limit=1&startTime=0&symbol=ETHUSDT HTTP/1.1" 200 166
2021-11-02 12:00:00,405 https://api.binance.com:443 "GET /api/v3/klines?interval=1m&limit=500&startTime=1635724800000&symbol=ETHUSDT HTTP/1.1" 200 25473
2021-11-02 12:00:01,854 https://api.binance.com:443 "GET /api/v3/klines?interval=1m&limit=500&startTime=1635754800000&symbol=ETHUSDT HTTP/1.1" 200 25261
2021-11-02 12:00:02,178 https://api.binance.com:443 "GET /api/v3/klines?interval=1m&limit=500&startTime=1635784800000&symbol=ETHUSDT HTTP/1.1" 200 25318
2021-11-02 12:00:04,416 https://api.binance.com:443 "GET /api/v3/klines?interval=1m&limit=500&startTime=1635814800000&symbol=ETHUSDT HTTP/1.1" 200 24137
2021-11-02 12:00:05,690 client - state = CONNECTING
2021-11-02 12:00:06,316 client - event = connection_made(<asyncio.sslproto._SSLProtocolTransport object at 0x7f3eb21affd0>)
2021-11-02 12:00:06,317 client > GET /ws/ethusdt@kline_1m HTTP/1.1
2021-11-02 12:00:06,318 client > Headers([('Host', 'stream.binance.com:9443'), ('Upgrade', 'websocket'), ('Connection', 'Upgrade'), ('Sec-WebSocket-Key', 'RPZzOhhutN0zKL5d5s5O6A=='), ('Sec-WebSocket-Version', '13'), ('Sec-WebSocket-Extensions', 'permessage-deflate; client_max_window_bits'), ('User-Agent', 'Python/3.7 websockets/9.1')])
2021-11-02 12:00:06,617 client - event = data_received(<267 bytes>)
2021-11-02 12:00:06,618 client < HTTP/1.1 101 Switching Protocols
2021-11-02 12:00:06,619 client < Headers([('Date', 'Tue, 02 Nov 2021 09:00:06 GMT'), ('Connection', 'upgrade'), ('Upgrade', 'websocket'), ('Sec-WebSocket-Accept', 'oA86ylQu7qbhgVirzXmOtqwtmjk='), ('Sec-WebSocket-Extensions', 'permessage-deflate; server_no_context_takeover; client_max_window_bits=15')])
2021-11-02 12:00:06,620 client - state = OPEN
2021-11-02 12:00:06,696 client - event = data_received(<188 bytes>)
2021-11-02 12:00:06,697 client < Frame(fin=True, opcode=<Opcode.TEXT: 1>, data=b'{"e":"kline","E":1635843606524,"s":"ETHUSDT","k":{"t":1635843600000,"T":1635843659999,"s":"ETHUSDT","i":"1m","f":658863333,"L":658863408,"o":"4350.09000000","c":"4349.39000000","h":"4350.36000000","l":"4349.39000000","v":"34.45190000","n":76,"x":false,"q":"149870.24704400","V":"6.80130000","Q":"29587.03545200","B":"0"}}', rsv1=False, rsv2=False, rsv3=False)
2021-11-02 12:00:09,275 client - event = data_received(<189 bytes>)
2021-11-02 12:00:09,275 client < Frame(fin=True, opcode=<Opcode.TEXT: 1>, data=b'{"e":"kline","E":1635843609019,"s":"ETHUSDT","k":{"t":1635843600000,"T":1635843659999,"s":"ETHUSDT","i":"1m","f":658863333,"L":658863417,"o":"4350.09000000","c":"4349.38000000","h":"4350.36000000","l":"4349.37000000","v":"34.80180000","n":85,"x":false,"q":"151392.09746600","V":"7.09140000","Q":"30848.79336900","B":"0"}}', rsv1=False, rsv2=False, rsv3=False)
2021-11-02 12:00:11,196 client - event = data_received(<189 bytes>)
2021-11-02 12:00:11,197 client < Frame(fin=True, opcode=<Opcode.TEXT: 1>, data=b'{"e":"kline","E":1635843611022,"s":"ETHUSDT","k":{"t":1635843600000,"T":1635843659999,"s":"ETHUSDT","i":"1m","f":658863333,"L":658863433,"o":"4350.09000000","c":"4349.00000000","h":"4350.36000000","l":"4349.00000000","v":"37.22160000","n":101,"x":false,"q":"161916.26525900","V":"9.06840000","Q":"39447.10462900","B":"0"}}', rsv1=False, rsv2=False, rsv3=False)
2021-11-02 12:00:13,216 client - event = data_received(<188 bytes>)
2021-11-02 12:00:13,217 client < Frame(fin=True, opcode=<Opcode.TEXT: 1>, data=b'{"e":"kline","E":1635843613043,"s":"ETHUSDT","k":{"t":1635843600000,"T":1635843659999,"s":"ETHUSDT","i":"1m","f":658863333,"L":658863451,"o":"4350.09000000","c":"4349.92000000","h":"4350.36000000","l":"4349.00000000","v":"42.09930000","n":119,"x":false,"q":"183130.30973900","V":"13.12080000","Q":"57071.16013300","B":"0"}}', rsv1=False, rsv2=False, rsv3=False)
2021-11-02 12:00:15,263 client - event = data_received(<189 bytes>)
2021-11-02 12:00:15,263 client < Frame(fin=True, opcode=<Opcode.TEXT: 1>, data=b'{"e":"kline","E":1635843615092,"s":"ETHUSDT","k":{"t":1635843600000,"T":1635843659999,"s":"ETHUSDT","i":"1m","f":658863333,"L":658863469,"o":"4350.09000000","c":"4350.25000000","h":"4350.58000000","l":"4349.00000000","v":"46.65410000","n":137,"x":false,"q":"202943.64083100","V":"15.12310000","Q":"65781.12991600","B":"0"}}', rsv1=False, rsv2=False, rsv3=False)
2021-11-02 12:00:17,788 client - event = data_received(<191 bytes>)
2021-11-02 12:00:17,788 client < Frame(fin=True, opcode=<Opcode.TEXT: 1>, data=b'{"e":"kline","E":1635843617613,"s":"ETHUSDT","k":{"t":1635843600000,"T":1635843659999,"s":"ETHUSDT","i":"1m","f":658863333,"L":658863492,"o":"4350.09000000","c":"4350.13000000","h":"4350.58000000","l":"4349.00000000","v":"53.12340000","n":160,"x":false,"q":"231087.35285900","V":"21.28220000","Q":"92575.42949800","B":"0"}}', rsv1=False, rsv2=False, rsv3=False)
2021-11-02 12:00:20,497 client - event = data_received(<190 bytes>)
2021-11-02 12:00:20,498 client < Frame(fin=True, opcode=<Opcode.TEXT: 1>, data=b'{"e":"kline","E":1635843619952,"s":"ETHUSDT","k":{"t":1635843600000,"T":1635843659999,"s":"ETHUSDT","i":"1m","f":658863333,"L":658863500,"o":"4350.09000000","c":"4349.75000000","h":"4350.58000000","l":"4349.00000000","v":"54.37300000","n":168,"x":false,"q":"236523.19305300","V":"21.31570000","Q":"92721.15437300","B":"0"}}', rsv1=False, rsv2=False, rsv3=False)
2021-11-02 12:00:22,137 client - event = data_received(<189 bytes>)
2021-11-02 12:00:22,138 client < Frame(fin=True, opcode=<Opcode.TEXT: 1>, data=b'{"e":"kline","E":1635843621967,"s":"ETHUSDT","k":{"t":1635843600000,"T":1635843659999,"s":"ETHUSDT","i":"1m","f":658863333,"L":658863515,"o":"4350.09000000","c":"4349.36000000","h":"4350.58000000","l":"4349.00000000","v":"57.76580000","n":183,"x":false,"q":"251280.10163000","V":"22.77940000","Q":"99087.34662800","B":"0"}}', rsv1=False, rsv2=False, rsv3=False)
2021-11-02 12:00:24,383 client - event = data_received(<188 bytes>)
2021-11-02 12:00:24,384 client < Frame(fin=True, opcode=<Opcode.TEXT: 1>, data=b'{"e":"kline","E":1635843624082,"s":"ETHUSDT","k":{"t":1635843600000,"T":1635843659999,"s":"ETHUSDT","i":"1m","f":658863333,"L":658863523,"o":"4350.09000000","c":"4349.39000000","h":"4350.58000000","l":"4349.00000000","v":"57.87610000","n":191,"x":false,"q":"251759.84358100","V":"22.87510000","Q":"99503.58325100","B":"0"}}', rsv1=False, rsv2=False, rsv3=False)
2021-11-02 12:00:26,622 client > Frame(fin=True, opcode=<Opcode.PING: 9>, data=b'\x9f\x99\xcek', rsv1=False, rsv2=False, rsv3=False)
2021-11-02 12:00:26,812 client - event = data_received(<192 bytes>)
2021-11-02 12:00:26,814 client < Frame(fin=True, opcode=<Opcode.TEXT: 1>, data=b'{"e":"kline","E":1635843626638,"s":"ETHUSDT","k":{"t":1635843600000,"T":1635843659999,"s":"ETHUSDT","i":"1m","f":658863333,"L":658863534,"o":"4350.09000000","c":"4349.65000000","h":"4350.58000000","l":"4349.00000000","v":"61.35060000","n":202,"x":false,"q":"266872.72829000","V":"25.54530000","Q":"111118.04446500","B":"0"}}', rsv1=False, rsv2=False, rsv3=False)
2021-11-02 12:00:26,914 client - event = data_received(<6 bytes>)
2021-11-02 12:00:26,915 client < Frame(fin=True, opcode=<Opcode.PONG: 10>, data=b'\x9f\x99\xcek', rsv1=False, rsv2=False, rsv3=False)
2021-11-02 12:00:26,916 client - received solicited pong: 9f99ce6b
2021-11-02 12:00:29,499 client - event = data_received(<191 bytes>)
2021-11-02 12:00:29,499 client < Frame(fin=True, opcode=<Opcode.TEXT: 1>, data=b'{"e":"kline","E":1635843629286,"s":"ETHUSDT","k":{"t":1635843600000,"T":1635843659999,"s":"ETHUSDT","i":"1m","f":658863333,"L":658863537,"o":"4350.09000000","c":"4349.66000000","h":"4350.58000000","l":"4349.00000000","v":"61.46360000","n":205,"x":false,"q":"267364.23987000","V":"25.65830000","Q":"111609.55604500","B":"0"}}', rsv1=False, rsv2=False, rsv3=False)
2021-11-02 12:00:33,098 client - event = data_received(<193 bytes>)
2021-11-02 12:00:33,100 client < Frame(fin=True, opcode=<Opcode.TEXT: 1>, data=b'{"e":"kline","E":1635843632393,"s":"ETHUSDT","k":{"t":1635843600000,"T":1635843659999,"s":"ETHUSDT","i":"1m","f":658863333,"L":658863539,"o":"4350.09000000","c":"4349.66000000","h":"4350.58000000","l":"4349.00000000","v":"61.50010000","n":207,"x":false,"q":"267523.00246000","V":"25.69480000","Q":"111768.31863500","B":"0"}}', rsv1=False, rsv2=False, rsv3=False)
